build/app/outputs/mapping/release/seeds.txt
com.application.repost_instagram.MainActivity
com.application.repost_instagram.MainActivity: MainActivity()
...
io.flutter.embedding.engine.mutatorsstack.FlutterMutatorsStack: void pushClipRRect(int,int,int,int,float[])
io.flutter.embedding.engine.FlutterJNI: void nativeDispatchEmptyPlatformMessage(long,java.lang.String,int)
io.flutter.embedding.engine.FlutterJNI: boolean nativeFlutterTextUtilsIsEmoji(int)
androidx.window.embedding.SplitPairFilter: boolean equals(java.lang.Object)
kotlin.jvm.internal.CallableReference: java.lang.Object getBoundReceiver()
androidx.window.layout.WindowMetricsCalculator$Companion$decorator$1: WindowMetricsCalculator$Companion$decorator$1()
io.flutter.view.AccessibilityViewEmbedder: java.lang.Integer getRecordFlutterId(android.view.View,android.view.accessibility.AccessibilityRecord)
androidx.window.core.Version: androidx.window.core.Version access$getVERSION_0_1$cp()
androidx.window.layout.HardwareFoldingFeature: boolean equals(java.lang.Object)
androidx.window.core.Version: java.math.BigInteger getBigInteger()
androidx.window.embedding.SplitPlaceholderRule: android.content.Intent getPlaceholderIntent()
androidx.window.embedding.SplitController: boolean isSplitSupported()
androidx.window.layout.WindowLayoutInfo: int hashCode()
androidx.window.layout.DisplayCompatHelperApi17: void getRealSize(android.view.Display,android.graphics.Point)
androidx.window.layout.WindowMetrics: android.graphics.Rect getBounds()
androidx.window.core.Version: androidx.window.core.Version access$getCURRENT$cp()
androidx.window.R: R()
io.flutter.view.FlutterCallbackInformation: io.flutter.view.FlutterCallbackInformation lookupCallbackInformation(long)
androidx.window.layout.SidecarWindowBackend: androidx.window.layout.ExtensionInterfaceCompat getWindowExtension()
androidx.window.embedding.SplitRule$Api30Impl: SplitRule$Api30Impl()
androidx.window.embedding.ExtensionEmbeddingBackend$SplitListenerWrapper: ExtensionEmbeddingBackend$SplitListenerWrapper(android.app.Activity,java.util.concurrent.Executor,androidx.core.util.Consumer)
androidx.window.java.layout.WindowInfoTrackerCallbackAdapter: void addListener(java.util.concurrent.Executor,androidx.core.util.Consumer,kotlinx.coroutines.flow.Flow)
io.flutter.embedding.engine.FlutterJNI: void nativeOnVsync(long,long,long)
kotlin.jvm.internal.CallableReference: boolean isSuspend()
io.flutter.embedding.engine.FlutterJNI: long nativeAttach(io.flutter.embedding.engine.FlutterJNI)
io.flutter.embedding.android.RenderMode: io.flutter.embedding.android.RenderMode[] values()
io.flutter.embedding.engine.FlutterJNI: void updateRefreshRate()
androidx.window.layout.SidecarCompat: void onWindowLayoutChangeListenerAdded(android.app.Activity)
io.flutter.embedding.android.FlutterView: io.flutter.embedding.android.FlutterImageView getCurrentImageSurface()
io.flutter.plugins.pathprovider.Messages$StorageDirectory: io.flutter.plugins.pathprovider.Messages$StorageDirectory[] values()
io.flutter.embedding.engine.FlutterJNI: void removeIsDisplayingFlutterUiListener(io.flutter.embedding.engine.renderer.FlutterUiDisplayListener)
io.flutter.plugin.editing.ImeSyncDeferringInsetsCallback: void install()
io.flutter.embedding.engine.FlutterJNI: void onSurfaceChanged(int,int)
androidx.window.layout.SidecarCompat$Companion: SidecarCompat$Companion()
androidx.window.core.Version$Companion: androidx.window.core.Version getUNKNOWN()
androidx.window.embedding.ExtensionEmbeddingBackend$SplitListenerWrapper: androidx.core.util.Consumer getCallback()
androidx.window.layout.SidecarWindowBackend$WindowLayoutChangeCallbackWrapper: androidx.core.util.Consumer getCallback()
io.flutter.embedding.engine.mutatorsstack.FlutterMutatorsStack: FlutterMutatorsStack()
androidx.window.embedding.EmbeddingBackend: void setSplitRules(java.util.Set)
kotlin.jvm.internal.CallableReference: java.lang.String getName()
androidx.window.layout.SidecarWindowBackend$Companion: androidx.window.layout.ExtensionInterfaceCompat initAndVerifyExtension(android.content.Context)