build/app/outputs/mapping/release/usage.txt
com.application.repost_instagram.BuildConfig
com.application.repost_instagram.R$attr
com.application.repost_instagram.R$color
com.application.repost_instagram.R$dimen
com.application.repost_instagram.R$drawable
com.application.repost_instagram.R$id
com.application.repost_instagram.R$integer
com.application.repost_instagram.R$layout
com.application.repost_instagram.R$mipmap
com.application.repost_instagram.R$string
com.application.repost_instagram.R$style
com.application.repost_instagram.R$styleable
com.application.repost_instagram.R
...
com.google.common.base.CharMatcher$Whitespace
com.google.common.base.CharMatcher
com.google.common.base.Charsets
com.google.common.base.CommonMatcher
com.google.common.base.CommonPattern
com.google.common.base.Converter$1$1
com.google.common.base.Converter$1
com.google.common.base.Converter$ConverterComposition
com.google.common.base.Converter$FunctionBasedConverter
com.google.common.base.Converter$IdentityConverter
com.google.common.base.Converter$ReverseConverter
com.google.common.base.Converter
com.google.common.base.Defaults
com.google.common.base.Enums$StringConverter
com.google.common.base.Enums
com.google.common.base.Equivalence$1
com.google.common.base.Equivalence$Equals
com.google.common.base.Equivalence$EquivalentToPredicate
com.google.common.base.Equivalence$Identity
com.google.common.base.Equivalence$Wrapper
com.google.common.base.Equivalence
com.google.common.base.ExtraObjectsMethodsForWeb
com.google.common.base.FinalizablePhantomReference
com.google.common.base.FinalizableReference
com.google.common.base.FinalizableReferenceQueue$DecoupledLoader
com.google.common.base.FinalizableReferenceQueue$DirectLoader
com.google.common.base.FinalizableReferenceQueue$FinalizerLoader
com.google.common.base.FinalizableReferenceQueue$SystemLoader
com.google.common.base.FinalizableReferenceQueue
com.google.common.base.FinalizableSoftReference
com.google.common.base.FinalizableWeakReference
com.google.common.base.Function
com.google.common.base.FunctionalEquivalence
com.google.common.base.Functions$1
com.google.common.base.Functions$ConstantFunction
com.google.common.base.Functions$ForMapWithDefault
com.google.common.base.Functions$FunctionComposition
com.google.common.base.Functions$FunctionForMapNoDefault
com.google.common.base.Functions$IdentityFunction
com.google.common.base.Functions$PredicateFunction
com.google.common.base.Functions$SupplierFunction
com.google.common.base.Functions$ToStringFunction
com.google.common.base.Functions
com.google.common.base.JdkPattern$JdkMatcher
com.google.common.base.JdkPattern
com.google.common.base.Joiner$1
com.google.common.base.Joiner$2
com.google.common.base.Joiner$3
com.google.common.base.Joiner$MapJoiner
com.google.common.base.Joiner
com.google.common.base.MoreObjects$1
com.google.common.base.MoreObjects$ToStringHelper$ValueHolder
com.google.common.base.MoreObjects$ToStringHelper
com.google.common.base.MoreObjects
com.google.common.base.Objects
com.google.common.base.Optional$1$1
com.google.common.base.Optional$1
com.google.common.base.Optional
com.google.common.base.PairwiseEquivalence
com.google.common.base.PatternCompiler
com.google.common.base.Platform$1
com.google.common.base.Platform$JdkPatternCompiler
com.google.common.base.Platform
com.google.common.base.Preconditions
com.google.common.base.Predicate
com.google.common.base.Predicates$1
com.google.common.base.Predicates$AndPredicate
com.google.common.base.Predicates$CompositionPredicate
com.google.common.base.Predicates$ContainsPatternFromStringPredicate
com.google.common.base.Predicates$ContainsPatternPredicate
com.google.common.base.Predicates$InPredicate
com.google.common.base.Predicates$InstanceOfPredicate
com.google.common.base.Predicates$IsEqualToPredicate
com.google.common.base.Predicates$NotPredicate
com.google.common.base.Predicates$ObjectPredicate$1
com.google.common.base.Predicates$ObjectPredicate$2
com.google.common.base.Predicates$ObjectPredicate$3
com.google.common.base.Predicates$ObjectPredicate$4
com.google.common.base.Predicates$ObjectPredicate
com.google.common.base.Predicates$OrPredicate
com.google.common.base.Predicates$SubtypeOfPredicate
com.google.common.base.Predicates
com.google.common.base.Present
com.google.common.base.SmallCharMatcher
com.google.common.base.Splitter$1$1
com.google.common.base.Splitter$1
com.google.common.base.Splitter$2$1
com.google.common.base.Splitter$2
com.google.common.base.Splitter$3$1
com.google.common.base.Splitter$3
com.google.common.base.Splitter$4$1